[INIT] Infinity Research Writer
[PATH] ROOT=/data/data/com.termux/files/home/o/infinity_research_writer
[RUN] Generating pages, resources zip, and master zip...
[PROGRESS] 500 / 10000
[PROGRESS] 1000 / 10000
[PROGRESS] 1500 / 10000
[PROGRESS] 2000 / 10000
[PROGRESS] 2500 / 10000
[PROGRESS] 3000 / 10000
[PROGRESS] 3500 / 10000
[PROGRESS] 4000 / 10000
[PROGRESS] 4500 / 10000
[PROGRESS] 5000 / 10000
[PROGRESS] 5500 / 10000
[PROGRESS] 6000 / 10000
[PROGRESS] 6500 / 10000
[PROGRESS] 7000 / 10000
[PROGRESS] 7500 / 10000
[PROGRESS] 8000 / 10000
[PROGRESS] 8500 / 10000
[PROGRESS] 9000 / 10000
[PROGRESS] 9500 / 10000
[PROGRESS] 10000 / 10000
[DONE] Pages written.
[COMPLETE] Manifest saved.
[COMPLETE] Writer done.
